0 info it worked if it ends with ok
1 verbose cli [ '/usr/bin/node', '/usr/bin/npm', 'i', 'mongoose', '3.8.23' ]
2 info using npm@1.4.28
3 info using node@v0.10.36
4 verbose node symlink /usr/bin/node
5 verbose readDependencies using package.json deps
6 verbose cache add [ 'mongoose@*', null ]
7 verbose cache add name=undefined spec="mongoose@*" args=["mongoose@*",null]
8 verbose parsed url { protocol: null,
8 verbose parsed url   slashes: null,
8 verbose parsed url   auth: null,
8 verbose parsed url   host: null,
8 verbose parsed url   port: null,
8 verbose parsed url   hostname: null,
8 verbose parsed url   hash: null,
8 verbose parsed url   search: null,
8 verbose parsed url   query: null,
8 verbose parsed url   pathname: 'mongoose@*',
8 verbose parsed url   path: 'mongoose@*',
8 verbose parsed url   href: 'mongoose@*' }
9 verbose cache add [ '3.8.23', null ]
10 verbose cache add name=undefined spec="3.8.23" args=["3.8.23",null]
11 verbose parsed url { protocol: null,
11 verbose parsed url   slashes: null,
11 verbose parsed url   auth: null,
11 verbose parsed url   host: null,
11 verbose parsed url   port: null,
11 verbose parsed url   hostname: null,
11 verbose parsed url   hash: null,
11 verbose parsed url   search: null,
11 verbose parsed url   query: null,
11 verbose parsed url   pathname: '3.8.23',
11 verbose parsed url   path: '3.8.23',
11 verbose parsed url   href: '3.8.23' }
12 verbose cache add name="mongoose" spec="*" args=["mongoose","*"]
13 verbose parsed url { protocol: null,
13 verbose parsed url   slashes: null,
13 verbose parsed url   auth: null,
13 verbose parsed url   host: null,
13 verbose parsed url   port: null,
13 verbose parsed url   hostname: null,
13 verbose parsed url   hash: null,
13 verbose parsed url   search: null,
13 verbose parsed url   query: null,
13 verbose parsed url   pathname: '*',
13 verbose parsed url   path: '*',
13 verbose parsed url   href: '*' }
14 verbose addNamed [ 'mongoose', '*' ]
15 verbose addNamed [ null, '*' ]
16 silly lockFile e0858070-mongoose mongoose@*
17 verbose lock mongoose@* /home/opaschenko/.npm/e0858070-mongoose.lock
18 silly lockFile 6084de19-3-8-23 3.8.23
19 verbose lock 3.8.23 /home/opaschenko/.npm/6084de19-3-8-23.lock
20 silly addNameRange { name: 'mongoose', range: '*', hasData: false }
21 silly lockFile 6084de19-3-8-23 3.8.23
22 silly lockFile 6084de19-3-8-23 3.8.23
23 verbose addNamed [ '3.8.23', '' ]
24 verbose addNamed [ null, '*' ]
25 silly lockFile 3eb38b5c-3-8-23 3.8.23@
26 verbose lock 3.8.23@ /home/opaschenko/.npm/3eb38b5c-3-8-23.lock
27 silly addNameRange { name: '3.8.23', range: '*', hasData: false }
28 verbose request where is /mongoose
29 verbose request registry https://registry.npmjs.org/
30 verbose request id 9a181059b189f416
31 verbose url raw /mongoose
32 verbose url resolving [ 'https://registry.npmjs.org/', './mongoose' ]
33 verbose url resolved https://registry.npmjs.org/mongoose
34 verbose request where is https://registry.npmjs.org/mongoose
35 info trying registry request attempt 1 at 14:16:46
36 verbose etag "AR40K5U1SNBXBVFFZEJOEPMWP"
37 http GET https://registry.npmjs.org/mongoose
38 verbose request where is /3.8.23
39 verbose request registry https://registry.npmjs.org/
40 verbose url raw /3.8.23
41 verbose url resolving [ 'https://registry.npmjs.org/', './3.8.23' ]
42 verbose url resolved https://registry.npmjs.org/3.8.23
43 verbose request where is https://registry.npmjs.org/3.8.23
44 info trying registry request attempt 1 at 14:16:46
45 http GET https://registry.npmjs.org/3.8.23
46 http 304 https://registry.npmjs.org/mongoose
47 silly registry.get cb [ 304,
47 silly registry.get   { date: 'Thu, 19 Feb 2015 12:16:46 GMT',
47 silly registry.get     server: 'Apache',
47 silly registry.get     via: '1.1 varnish',
47 silly registry.get     'last-modified': 'Thu, 19 Feb 2015 12:16:46 GMT',
47 silly registry.get     'cache-control': 'max-age=60',
47 silly registry.get     etag: '"AR40K5U1SNBXBVFFZEJOEPMWP"',
47 silly registry.get     age: '12',
47 silly registry.get     'x-served-by': 'cache-fra1247-FRA',
47 silly registry.get     'x-cache': 'HIT',
47 silly registry.get     'x-cache-hits': '1',
47 silly registry.get     'x-timer': 'S1424348206.475400,VS0,VE1',
47 silly registry.get     vary: 'Accept',
47 silly registry.get     'content-length': '0',
47 silly registry.get     'keep-alive': 'timeout=10, max=50',
47 silly registry.get     connection: 'Keep-Alive' } ]
48 verbose etag https://registry.npmjs.org/mongoose from cache
49 silly addNameRange number 2 { name: 'mongoose', range: '*', hasData: true }
50 silly addNameRange versions [ 'mongoose',
50 silly addNameRange   [ '0.0.1',
50 silly addNameRange     '0.0.2',
50 silly addNameRange     '0.0.3',
50 silly addNameRange     '0.0.4',
50 silly addNameRange     '0.0.5',
50 silly addNameRange     '1.0.0',
50 silly addNameRange     '1.0.1',
50 silly addNameRange     '1.0.2',
50 silly addNameRange     '0.0.6',
50 silly addNameRange     '1.0.3',
50 silly addNameRange     '1.0.4',
50 silly addNameRange     '1.0.5',
50 silly addNameRange     '1.0.6',
50 silly addNameRange     '1.0.7',
50 silly addNameRange     '1.0.8',
50 silly addNameRange     '1.0.10',
50 silly addNameRange     '1.0.11',
50 silly addNameRange     '1.0.12',
50 silly addNameRange     '1.0.13',
50 silly addNameRange     '1.0.14',
50 silly addNameRange     '1.0.15',
50 silly addNameRange     '1.0.16',
50 silly addNameRange     '1.1.0',
50 silly addNameRange     '1.1.1',
50 silly addNameRange     '1.1.2',
50 silly addNameRange     '1.1.3',
50 silly addNameRange     '1.1.4',
50 silly addNameRange     '1.1.5',
50 silly addNameRange     '1.1.6',
50 silly addNameRange     '1.1.7',
50 silly addNameRange     '1.1.8',
50 silly addNameRange     '1.1.9',
50 silly addNameRange     '1.1.10',
50 silly addNameRange     '1.1.11',
50 silly addNameRange     '1.1.12',
50 silly addNameRange     '1.1.13',
50 silly addNameRange     '1.1.14',
50 silly addNameRange     '1.1.15',
50 silly addNameRange     '1.1.16',
50 silly addNameRange     '1.1.17',
50 silly addNameRange     '1.1.18',
50 silly addNameRange     '1.1.19',
50 silly addNameRange     '1.1.20',
50 silly addNameRange     '1.1.21',
50 silly addNameRange     '1.1.22',
50 silly addNameRange     '1.1.23',
50 silly addNameRange     '1.1.24',
50 silly addNameRange     '1.1.25',
50 silly addNameRange     '1.2.0',
50 silly addNameRange     '1.3.0',
50 silly addNameRange     '1.3.1',
50 silly addNameRange     '1.3.2',
50 silly addNameRange     '1.3.3',
50 silly addNameRange     '1.3.4',
50 silly addNameRange     '1.3.5',
50 silly addNameRange     '1.3.6',
50 silly addNameRange     '1.3.7',
50 silly addNameRange     '1.4.0',
50 silly addNameRange     '1.5.0',
50 silly addNameRange     '1.6.0',
50 silly addNameRange     '1.7.2',
50 silly addNameRange     '1.7.3',
50 silly addNameRange     '1.7.4',
50 silly addNameRange     '1.8.0',
50 silly addNameRange     '1.8.1',
50 silly addNameRange     '1.8.2',
50 silly addNameRange     '1.8.3',
50 silly addNameRange     '1.8.4',
50 silly addNameRange     '2.0.0',
50 silly addNameRange     '2.0.1',
50 silly addNameRange     '2.0.2',
50 silly addNameRange     '2.0.3',
50 silly addNameRange     '2.0.4',
50 silly addNameRange     '2.1.0',
50 silly addNameRange     '2.1.1',
50 silly addNameRange     '2.1.2',
50 silly addNameRange     '2.1.3',
50 silly addNameRange     '2.1.4',
50 silly addNameRange     '2.2.0',
50 silly addNameRange     '2.2.1',
50 silly addNameRange     '2.2.2',
50 silly addNameRange     '2.2.3',
50 silly addNameRange     '2.2.4',
50 silly addNameRange     '2.3.0',
50 silly addNameRange     '2.3.1',
50 silly addNameRange     '2.3.2',
50 silly addNameRange     '2.3.3',
50 silly addNameRange     '2.3.4',
50 silly addNameRange     '2.3.5',
50 silly addNameRange     '2.3.6',
50 silly addNameRange     '2.3.7',
50 silly addNameRange     '2.3.8',
50 silly addNameRange     '2.3.9',
50 silly addNameRange     '2.3.10',
50 silly addNameRange     '2.3.11',
50 silly addNameRange     '2.3.12',
50 silly addNameRange     '2.3.13',
50 silly addNameRange     '2.4.0',
50 silly addNameRange     '2.4.1',
50 silly addNameRange     '2.4.2',
50 silly addNameRange     '2.4.3',
50 silly addNameRange     '2.4.4',
50 silly addNameRange     '2.4.5',
50 silly addNameRange     '2.4.6',
50 silly addNameRange     '2.4.7',
50 silly addNameRange     '2.4.8',
50 silly addNameRange     '2.4.9',
50 silly addNameRange     '2.4.10',
50 silly addNameRange     '2.5.0',
50 silly addNameRange     '2.5.1',
50 silly addNameRange     '2.5.2',
50 silly addNameRange     '2.5.3',
50 silly addNameRange     '2.5.4',
50 silly addNameRange     '2.5.5',
50 silly addNameRange     '2.5.6',
50 silly addNameRange     '2.5.7',
50 silly addNameRange     '2.5.8',
50 silly addNameRange     '2.5.9',
50 silly addNameRange     '2.5.10',
50 silly addNameRange     '2.5.11',
50 silly addNameRange     '2.5.12',
50 silly addNameRange     '2.5.13',
50 silly addNameRange     '2.5.14',
50 silly addNameRange     '2.6.0',
50 silly addNameRange     '2.6.1',
50 silly addNameRange     '2.6.2',
50 silly addNameRange     '2.6.3',
50 silly addNameRange     '2.6.4',
50 silly addNameRange     '2.6.5',
50 silly addNameRange     '2.6.6',
50 silly addNameRange     '2.6.7',
50 silly addNameRange     '2.6.8',
50 silly addNameRange     '2.7.0',
50 silly addNameRange     '2.7.1',
50 silly addNameRange     '2.7.2',
50 silly addNameRange     '2.7.4',
50 silly addNameRange     '2.7.3',
50 silly addNameRange     '3.0.0',
50 silly addNameRange     '3.0.1',
50 silly addNameRange     '3.0.2',
50 silly addNameRange     '2.8.0',
50 silly addNameRange     '3.0.3',
50 silly addNameRange     '3.1.0',
50 silly addNameRange     '2.8.1',
50 silly addNameRange     '3.1.1',
50 silly addNameRange     '2.8.2',
50 silly addNameRange     '2.8.3',
50 silly addNameRange     '2.9.0',
50 silly addNameRange     '3.2.0',
50 silly addNameRange     '2.9.1',
50 silly addNameRange     '3.2.1',
50 silly addNameRange     '2.9.2',
50 silly addNameRange     '3.2.2',
50 silly addNameRange     '3.3.0',
50 silly addNameRange     '3.3.1',
50 silly addNameRange     '2.9.3',
50 silly addNameRange     '3.4.0',
50 silly addNameRange     '2.9.4',
50 silly addNameRange     '2.9.5',
50 silly addNameRange     '3.5.0',
50 silly addNameRange     '3.5.1',
50 silly addNameRange     '3.5.2',
50 silly addNameRange     '3.5.3',
50 silly addNameRange     '2.9.6',
50 silly addNameRange     '2.9.7',
50 silly addNameRange     '3.5.4',
50 silly addNameRange     '3.5.5',
50 silly addNameRange     '2.9.8',
50 silly addNameRange     '2.9.9',
50 silly addNameRange     '3.5.6',
50 silly addNameRange     '3.5.7',
50 silly addNameRange     '3.5.8',
50 silly addNameRange     '2.9.10',
50 silly addNameRange     '3.5.9',
50 silly addNameRange     '3.6.2',
50 silly addNameRange     '3.5.10',
50 silly addNameRange     '3.6.3',
50 silly addNameRange     '3.5.11',
50 silly addNameRange     '3.6.4',
50 silly addNameRange     '3.6.5',
50 silly addNameRange     '3.6.6',
50 silly addNameRange     '3.6.7',
50 silly addNameRange     '3.5.12',
50 silly addNameRange     '3.6.8',
50 silly addNameRange     '3.6.9',
50 silly addNameRange     '3.6.10',
50 silly addNameRange     '3.5.13',
50 silly addNameRange     '3.5.14',
50 silly addNameRange     '3.6.11',
50 silly addNameRange     '3.6.12',
50 silly addNameRange     '3.6.13',
50 silly addNameRange     '3.6.14',
50 silly addNameRange     '3.6.15',
50 silly addNameRange     '3.5.15',
50 silly addNameRange     '3.7.0',
50 silly addNameRange     '3.6.16',
50 silly addNameRange     '3.5.16',
50 silly addNameRange     '3.6.17',
50 silly addNameRange     '3.7.2',
50 silly addNameRange     '3.0.0-alpha1',
50 silly addNameRange     '3.0.0-alpha2',
50 silly addNameRange     '3.0.0-rc0',
50 silly addNameRange     '3.6.0-rc0',
50 silly addNameRange     '3.6.0-rc1',
50 silly addNameRange     '3.6.18',
50 silly addNameRange     '3.7.3',
50 silly addNameRange     '3.6.19',
50 silly addNameRange     '3.6.20',
50 silly addNameRange     '3.7.4',
50 silly addNameRange     '3.8.0',
50 silly addNameRange     '3.8.1',
50 silly addNameRange     '3.8.2',
50 silly addNameRange     '3.8.3',
50 silly addNameRange     '3.8.4',
50 silly addNameRange     '3.8.5',
50 silly addNameRange     '3.8.6',
50 silly addNameRange     '3.8.7',
50 silly addNameRange     '3.8.8',
50 silly addNameRange     '3.8.9',
50 silly addNameRange     '3.8.10',
50 silly addNameRange     '3.8.11',
50 silly addNameRange     '3.9.0',
50 silly addNameRange     '3.8.12',
50 silly addNameRange     '3.8.13',
50 silly addNameRange     '3.8.14',
50 silly addNameRange     '3.8.15',
50 silly addNameRange     '3.9.1',
50 silly addNameRange     '3.8.16',
50 silly addNameRange     '3.9.2',
50 silly addNameRange     '3.8.17',
50 silly addNameRange     '3.9.3',
50 silly addNameRange     '3.8.18',
50 silly addNameRange     '3.9.4',
50 silly addNameRange     '3.8.19',
50 silly addNameRange     '3.9.5',
50 silly addNameRange     '3.8.20',
50 silly addNameRange     '3.9.6',
50 silly addNameRange     '3.8.21',
50 silly addNameRange     '3.9.7',
50 silly addNameRange     '3.8.22',
50 silly addNameRange     '4.0.0-rc0',
50 silly addNameRange     '4.0.0-rc1',
50 silly addNameRange     '3.8.23',
50 silly addNameRange     '4.0.0-rc2' ] ]
51 verbose addNamed [ 'mongoose', '3.8.23' ]
52 verbose addNamed [ '3.8.23', '3.8.23' ]
53 silly lockFile 938c12eb-mongoose-3-8-23 mongoose@3.8.23
54 verbose lock mongoose@3.8.23 /home/opaschenko/.npm/938c12eb-mongoose-3-8-23.lock
55 silly lockFile 938c12eb-mongoose-3-8-23 mongoose@3.8.23
56 silly lockFile 938c12eb-mongoose-3-8-23 mongoose@3.8.23
57 silly lockFile e0858070-mongoose mongoose@*
58 silly lockFile e0858070-mongoose mongoose@*
59 http 404 https://registry.npmjs.org/3.8.23
60 verbose headers { date: 'Thu, 19 Feb 2015 12:16:46 GMT',
60 verbose headers   server: 'CouchDB/1.5.0 (Erlang OTP/R16B03)',
60 verbose headers   'content-type': 'application/json',
60 verbose headers   'cache-control': 'max-age=0',
60 verbose headers   'content-length': '52',
60 verbose headers   'accept-ranges': 'bytes',
60 verbose headers   via: '1.1 varnish',
60 verbose headers   age: '0',
60 verbose headers   'x-served-by': 'cache-fra1239-FRA',
60 verbose headers   'x-cache': 'MISS',
60 verbose headers   'x-cache-hits': '0',
60 verbose headers   'x-timer': 'S1424348206.476149,VS0,VE422',
60 verbose headers   'keep-alive': 'timeout=10, max=50',
60 verbose headers   connection: 'Keep-Alive' }
61 silly registry.get cb [ 404,
61 silly registry.get   { date: 'Thu, 19 Feb 2015 12:16:46 GMT',
61 silly registry.get     server: 'CouchDB/1.5.0 (Erlang OTP/R16B03)',
61 silly registry.get     'content-type': 'application/json',
61 silly registry.get     'cache-control': 'max-age=0',
61 silly registry.get     'content-length': '52',
61 silly registry.get     'accept-ranges': 'bytes',
61 silly registry.get     via: '1.1 varnish',
61 silly registry.get     age: '0',
61 silly registry.get     'x-served-by': 'cache-fra1239-FRA',
61 silly registry.get     'x-cache': 'MISS',
61 silly registry.get     'x-cache-hits': '0',
61 silly registry.get     'x-timer': 'S1424348206.476149,VS0,VE422',
61 silly registry.get     'keep-alive': 'timeout=10, max=50',
61 silly registry.get     connection: 'Keep-Alive' } ]
62 silly lockFile 3eb38b5c-3-8-23 3.8.23@
63 silly lockFile 3eb38b5c-3-8-23 3.8.23@
64 error 404 404 Not Found: 3.8.23
64 error 404
64 error 404 '3.8.23' is not in the npm registry.
64 error 404 You should bug the author to publish it
64 error 404 It was specified as a dependency of 'Check-InEveryday'
64 error 404
64 error 404 Note that you can also install from a
64 error 404 tarball, folder, or http url, or git url.
65 error System Linux 3.13.0-45-generic
66 error command "/usr/bin/node" "/usr/bin/npm" "i" "mongoose" "3.8.23"
67 error cwd /home/opaschenko/WebstormProjects/Check-InEveryday
68 error node -v v0.10.36
69 error npm -v 1.4.28
70 error code E404
71 verbose exit [ 1, true ]
